2022-11-15 10:23:30,621 - myapp - ERROR -  on 
2022-11-15 10:23:52,512 - myapp - ERROR -  on 
2022-11-19 21:57:19,776 - myapp - ERROR -  on 
2022-11-19 22:10:18,542 - myapp - INFO -  on 
2022-11-19 22:13:19,974 - myapp - INFO - starting service ... 
2022-11-19 22:18:12,784 - myapp - INFO - starting service ... 
2022-11-19 22:18:21,036 - myapp - INFO - on message INFO " this message is from the Home component "
2022-11-19 22:18:21,543 - myapp - INFO - on message INFO " this message is from the Home component "
2022-11-19 22:18:21,724 - myapp - INFO - on message INFO " this message is from the Home component "
2022-11-19 22:18:21,884 - myapp - INFO - on message INFO " this message is from the Home component "
2022-11-19 22:18:22,045 - myapp - INFO - on message INFO " this message is from the Home component "
2022-11-19 22:18:22,267 - myapp - INFO - on message INFO " this message is from the Home component "
2022-11-19 22:18:22,860 - myapp - INFO - on message INFO " this message is from the Home component "
2022-11-19 22:19:32,946 - myapp - DEBUG -  debug 
2022-11-19 22:19:32,946 - myapp - INFO -  info 
2022-11-19 22:19:32,947 - myapp - ERROR -  error 
2022-11-19 22:19:32,947 - myapp - WARNING -  warning 
2022-11-19 22:21:18,714 - myapp - DEBUG -  debug 
2022-11-19 22:21:18,716 - myapp - INFO -  info 
2022-11-19 22:21:18,716 - myapp - ERROR -  error 
2022-11-19 22:21:18,717 - myapp - WARNING -  warning 
2022-11-19 22:21:18,718 - myapp - INFO - starting service ... 
2022-11-19 22:21:36,681 - myapp - INFO - on message INFO " this message is from the Home component "
2022-11-19 22:21:37,158 - myapp - INFO - on message INFO " this message is from the Home component "
2022-11-19 22:21:37,374 - myapp - INFO - on message INFO " this message is from the Home component "
2022-11-19 22:21:37,601 - myapp - INFO - on message INFO " this message is from the Home component "
2022-11-19 22:21:37,820 - myapp - INFO - on message INFO " this message is from the Home component "
2022-11-19 22:21:38,031 - myapp - INFO - on message INFO " this message is from the Home component "
2022-11-19 22:26:16,473 - myapp - DEBUG -  debug 
2022-11-19 22:26:16,473 - myapp - INFO -  info 
2022-11-19 22:26:16,473 - myapp - ERROR -  error 
2022-11-19 22:26:16,474 - myapp - WARNING -  warning 
2022-11-19 22:26:16,474 - myapp - INFO - starting service ... 
2022-11-19 22:26:37,810 - myapp - DEBUG -  debug 
2022-11-19 22:26:37,811 - myapp - INFO -  info 
2022-11-19 22:26:37,811 - myapp - ERROR -  error 
2022-11-19 22:26:37,812 - myapp - WARNING -  warning 
2022-11-19 22:26:37,813 - myapp - INFO - starting service ... 
2022-11-19 22:27:17,485 - myapp - DEBUG -  debug 
2022-11-19 22:27:17,486 - myapp - INFO -  info 
2022-11-19 22:27:17,487 - myapp - ERROR -  error 
2022-11-19 22:27:17,487 - myapp - WARNING -  warning 
2022-11-19 22:27:17,488 - myapp - INFO - starting service ... 
2022-11-19 22:28:14,717 - myapp - INFO - on message INFO " this message is from the Home component "
2022-11-19 22:28:15,039 - myapp - INFO - on message INFO " this message is from the Home component "
2022-11-19 22:28:15,183 - myapp - INFO - on message INFO " this message is from the Home component "
2022-11-19 22:28:15,402 - myapp - INFO - on message INFO " this message is from the Home component "
2022-11-19 22:28:23,867 - myapp - INFO - on message INFO " this message is from the Home component "
2022-11-19 22:28:50,948 - myapp - DEBUG -  debug 
2022-11-19 22:28:50,949 - myapp - INFO -  info 
2022-11-19 22:28:50,949 - myapp - ERROR -  error 
2022-11-19 22:28:50,950 - myapp - WARNING -  warning 
2022-11-19 22:28:50,951 - myapp - INFO - starting service ... 
2022-11-19 22:29:03,005 - myapp - INFO - on message INFO " this message is from the Home component "
2022-11-19 22:29:43,033 - myapp - DEBUG -  debug 
2022-11-19 22:29:43,033 - myapp - INFO -  info 
2022-11-19 22:29:43,034 - myapp - ERROR -  error 
2022-11-19 22:29:43,035 - myapp - WARNING -  warning 
2022-11-19 22:29:43,035 - myapp - INFO - starting service ... 
2022-11-19 22:31:12,148 - myapp - DEBUG -  debug 
2022-11-19 22:31:12,148 - myapp - INFO -  info 
2022-11-19 22:31:12,149 - myapp - ERROR -  error 
2022-11-19 22:31:12,150 - myapp - WARNING -  warning 
2022-11-19 22:31:12,151 - myapp - INFO - starting service ... 
2022-11-19 22:32:05,872 - myapp - DEBUG -  debug 
2022-11-19 22:32:05,873 - myapp - INFO -  info 
2022-11-19 22:32:05,874 - myapp - ERROR -  error 
2022-11-19 22:32:05,874 - myapp - WARNING -  warning 
2022-11-19 22:32:05,875 - myapp - INFO - starting service ... 
2022-11-19 22:32:15,656 - myapp - INFO - on message INFO " this message is from the Home component "
2022-11-19 22:33:49,349 - myapp - DEBUG -  debug 
2022-11-19 22:33:49,350 - myapp - INFO -  info 
2022-11-19 22:33:49,352 - myapp - ERROR -  error 
2022-11-19 22:33:49,353 - myapp - WARNING -  warning 
2022-11-19 22:33:49,354 - myapp - INFO - starting service ... 
2022-11-19 22:34:05,300 - myapp - DEBUG -  debug 
2022-11-19 22:34:05,341 - myapp - INFO -  info 
2022-11-19 22:34:05,350 - myapp - ERROR -  error 
2022-11-19 22:34:05,356 - myapp - WARNING -  warning 
2022-11-19 22:34:05,369 - myapp - INFO - starting service ... 
2022-11-19 22:34:22,098 - myapp - INFO - on message INFO " this message is from the Home component "
2022-11-19 22:49:09,353 - myapp - DEBUG -  debug 
2022-11-19 22:49:09,353 - myapp - INFO -  info 
2022-11-19 22:49:09,354 - myapp - ERROR -  error 
2022-11-19 22:49:09,355 - myapp - WARNING -  warning 
2022-11-19 22:49:09,357 - myapp - INFO - starting service ... 
2022-11-19 22:49:16,481 - myapp - DEBUG - opening socket connection
2022-11-19 22:49:18,302 - myapp - DEBUG - on message DEBUG " this message is from the Home component "
2022-11-19 22:49:18,307 - myapp - INFO - on message INFO " this message is from the Home component "
2022-11-19 22:49:36,110 - myapp - DEBUG -  debug 
2022-11-19 22:49:36,111 - myapp - INFO -  info 
2022-11-19 22:49:36,112 - myapp - ERROR -  error 
2022-11-19 22:49:36,112 - myapp - WARNING -  warning 
2022-11-19 22:49:36,114 - myapp - INFO - starting service ... 
2022-11-19 22:49:52,260 - myapp - DEBUG -  debug 
2022-11-19 22:49:52,262 - myapp - INFO -  info 
2022-11-19 22:49:52,265 - myapp - ERROR -  error 
2022-11-19 22:49:52,267 - myapp - WARNING -  warning 
2022-11-19 22:49:52,269 - myapp - INFO - starting service ... 
2022-11-19 22:50:02,399 - myapp - DEBUG - opening socket connection
2022-11-19 22:50:04,371 - myapp - DEBUG - on message DEBUG " this message is from the Home component "
2022-11-19 22:50:04,372 - myapp - INFO - on message INFO " this message is from the Home component "
2022-11-19 22:50:17,661 - myapp - DEBUG -  debug 
2022-11-19 22:50:17,662 - myapp - INFO -  info 
2022-11-19 22:50:17,662 - myapp - ERROR -  error 
2022-11-19 22:50:17,663 - myapp - WARNING -  warning 
2022-11-19 22:50:17,664 - myapp - INFO - starting service ... 
2022-11-19 22:50:21,956 - myapp - INFO - on message INFO " this message is from the Home component "
2022-11-19 22:50:37,478 - myapp - DEBUG -  debug 
2022-11-19 22:50:37,479 - myapp - INFO -  info 
2022-11-19 22:50:37,480 - myapp - ERROR -  error 
2022-11-19 22:50:37,481 - myapp - WARNING -  warning 
2022-11-19 22:50:37,482 - myapp - INFO - starting service ... 
2022-11-19 22:54:07,877 - myapp - DEBUG -  debug 
2022-11-19 22:54:07,879 - myapp - INFO -  info 
2022-11-19 22:54:07,881 - myapp - ERROR -  error 
2022-11-19 22:54:07,883 - myapp - WARNING -  warning 
2022-11-19 22:54:07,884 - myapp - INFO - starting service ... 
2022-11-19 22:55:01,213 - myapp - DEBUG -  debug 
2022-11-19 22:55:01,214 - myapp - INFO -  info 
2022-11-19 22:55:01,215 - myapp - ERROR -  error 
2022-11-19 22:55:01,216 - myapp - WARNING -  warning 
2022-11-19 22:55:01,217 - myapp - INFO - starting service ... 
2022-11-19 22:55:17,604 - myapp - DEBUG -  debug 
2022-11-19 22:55:17,605 - myapp - INFO -  info 
2022-11-19 22:55:17,605 - myapp - ERROR -  error 
2022-11-19 22:55:17,606 - myapp - WARNING -  warning 
2022-11-19 22:55:17,607 - myapp - INFO - starting service ... 
2022-11-20 07:58:05,172 - myapp - DEBUG -  debug 
2022-11-20 07:58:05,173 - myapp - INFO -  info 
2022-11-20 07:58:05,173 - myapp - ERROR -  error 
2022-11-20 07:58:05,174 - myapp - WARNING -  warning 
2022-11-20 07:58:05,175 - myapp - INFO - starting service ... 
2022-11-20 07:58:09,524 - myapp - DEBUG - opening socket connection
2022-11-20 07:58:11,714 - myapp - DEBUG - on message DEBUG " this message is from the Home component "
2022-11-20 07:58:11,715 - myapp - INFO - on message INFO " this message is from the Home component "
2022-11-20 07:58:31,054 - myapp - DEBUG -  debug 
2022-11-20 07:58:31,054 - myapp - INFO -  info 
2022-11-20 07:58:31,055 - myapp - ERROR -  error 
2022-11-20 07:58:31,057 - myapp - WARNING -  warning 
2022-11-20 07:58:31,059 - myapp - INFO - starting service ... 
2022-11-20 07:58:40,012 - trading - DEBUG -  debug 
2022-11-20 07:58:40,013 - trading - INFO -  info 
2022-11-20 07:58:40,013 - trading - ERROR -  error 
2022-11-20 07:58:40,014 - trading - WARNING -  warning 
2022-11-20 07:58:40,015 - trading - INFO - starting service ... 
2022-11-20 08:00:48,415 - trading - DEBUG -  debug 
2022-11-20 08:00:48,416 - trading - INFO -  info 
2022-11-20 08:00:48,417 - trading - ERROR -  error 
2022-11-20 08:00:48,418 - trading - WARNING -  warning 
2022-11-20 08:00:48,420 - trading - INFO - starting service ... 
2022-11-20 08:00:51,609 - trading - DEBUG - opening socket connection
2022-11-20 08:00:53,213 - trading - DEBUG - on message DEBUG " this message is from the Home component "
2022-11-20 08:00:53,216 - trading - INFO - on message INFO " this message is from the Home component "
2022-11-20 08:00:53,577 - trading - DEBUG - on message DEBUG " this message is from the Home component "
2022-11-20 08:00:53,581 - trading - INFO - on message INFO " this message is from the Home component "
2022-11-20 08:01:12,753 - trading - DEBUG -  debug 
2022-11-20 08:01:12,754 - trading - INFO -  info 
2022-11-20 08:01:12,755 - trading - ERROR -  error 
2022-11-20 08:01:12,755 - trading - WARNING -  warning 
2022-11-20 08:01:12,756 - trading - INFO - starting service ... 
2022-11-20 08:01:33,576 - trading - DEBUG -  debug 
2022-11-20 08:01:33,577 - trading - INFO -  info 
2022-11-20 08:01:33,577 - trading - ERROR -  error 
2022-11-20 08:01:33,578 - trading - WARNING -  warning 
2022-11-20 08:01:33,579 - trading - INFO - starting service ... 
2022-11-20 08:02:26,408 - trading - DEBUG -  debug 
2022-11-20 08:02:26,409 - trading - INFO -  info 
2022-11-20 08:02:26,410 - trading - ERROR -  error 
2022-11-20 08:02:26,410 - trading - WARNING -  warning 
2022-11-20 08:02:26,411 - trading - INFO - starting service ... 
2022-11-20 08:02:30,711 - trading - INFO - starting service ... 
2022-11-20 08:02:43,550 - trading - INFO - starting service ... 
2022-11-20 08:13:14,476 - trading - INFO - starting service ... 
2022-11-20 08:19:26,343 - trading - INFO - starting service ... 
2022-11-20 08:19:36,204 - trading - INFO - starting service ... 
2022-11-20 08:21:00,231 - trading - INFO - starting service ... 
2022-11-20 08:29:10,012 - trading - INFO - starting service ... 
2022-11-20 08:29:16,376 - trading - INFO - starting service ... 
2022-11-20 08:29:23,267 - trading - DEBUG - opening socket connection
2022-11-20 08:29:24,673 - trading - DEBUG - on message DEBUG " this message is from the Home component "
2022-11-20 08:29:24,674 - trading - INFO - on message INFO " this message is from the Home component "
2022-11-20 08:31:23,217 - trading - INFO - starting service ... 
2022-11-20 08:33:26,090 - trading - INFO - starting service ... 
2022-11-20 08:33:48,432 - trading - INFO - starting service ... 
2022-11-20 08:33:52,768 - trading - INFO - starting service ... 
2022-11-20 09:14:32,701 - trading - INFO - starting service ... 
2022-11-20 09:14:41,901 - trading - DEBUG - opening socket connection
2022-11-20 09:14:43,639 - trading - DEBUG - on message DEBUG " this message is from the Home component "
2022-11-20 09:14:43,643 - trading - INFO - on message INFO " this message is from the Home component "
2022-11-20 09:18:21,067 - trading - INFO - starting service ... 
2022-11-20 10:34:11,510 - trading - INFO - starting service ... 
2022-11-20 10:46:14,351 - trading - INFO - starting service ... 
2022-11-20 10:46:35,197 - trading - INFO - starting service ... 
2022-11-20 10:46:45,385 - trading - INFO - starting service ... 
2022-11-20 10:48:50,053 - trading - DEBUG - opening socket connection
2022-11-20 10:49:00,315 - trading - DEBUG - on message DEBUG " this message is from the Home component "
2022-11-20 10:49:00,317 - trading - INFO - on message INFO " this message is from the Home component "
2022-11-20 10:51:44,889 - trading - INFO - starting service ... 
2022-11-20 10:52:55,742 - trading - INFO - starting service ... 
2022-11-20 10:53:14,606 - trading - INFO - starting service ... 
2022-11-20 10:54:51,972 - trading - INFO - starting service ... 
2022-11-20 10:57:30,335 - trading - INFO - starting service ... 
2022-11-20 11:02:22,659 - trading - INFO - starting service ... 
2022-11-20 11:03:36,046 - trading - INFO - starting service ... 
2022-11-20 11:04:22,397 - trading - INFO - starting service ... 
2022-11-20 11:05:34,701 - trading - INFO - starting service ... 
2022-11-20 11:05:49,550 - trading - INFO - starting service ... 
2022-11-20 11:06:29,406 - trading - INFO - starting service ... 
2022-11-20 11:06:36,288 - trading - INFO - starting service ... 
2022-11-20 11:07:06,248 - trading - INFO - starting service ... 
2022-11-20 11:07:46,563 - trading - INFO - starting service ... 
2022-11-20 11:09:38,918 - trading - INFO - starting service ... 
2022-11-20 11:10:11,304 - trading - INFO - starting service ... 
2022-11-20 11:10:12,629 - trading - INFO - starting service ... 
2022-11-20 11:10:21,157 - trading - DEBUG - opening socket connection
2022-11-20 11:10:34,352 - trading - DEBUG - opening socket connection
2022-11-20 11:10:35,042 - trading - DEBUG - opening socket connection
2022-11-20 11:11:13,731 - trading - INFO - starting service ... 
2022-11-20 11:11:26,917 - trading - INFO - starting service ... 
2022-11-20 11:11:30,509 - trading - DEBUG - opening socket connection
2022-11-20 11:22:44,760 - trading - INFO - starting service ... 
2022-11-20 11:22:48,155 - trading - INFO - starting service ... 
2022-11-20 11:23:06,618 - trading - INFO - starting service ... 
2022-11-20 11:23:10,579 - trading - DEBUG - opening socket connection
2022-11-20 11:23:22,545 - trading - DEBUG - opening socket connection
2022-11-20 11:23:33,364 - trading - INFO - starting service ... 
2022-11-20 11:23:55,471 - trading - DEBUG - opening socket connection
2022-11-20 11:25:37,064 - trading - INFO - starting service ... 
2022-11-20 11:25:39,993 - trading - DEBUG - opening socket connection
2022-11-20 11:25:42,670 - trading - DEBUG - on message DEBUG " this message is from the Home component "
2022-11-20 11:25:42,671 - trading - INFO - on message INFO " this message is from the Home component "
2022-11-20 18:53:29,158 - trading - DEBUG - close
2022-11-20 18:53:29,321 - trading - DEBUG - opening socket connection
2022-11-20 18:54:47,307 - trading - DEBUG - on message DEBUG " this message is from the Home component "
2022-11-20 18:54:47,311 - trading - INFO - on message INFO " this message is from the Home component "
2022-11-20 19:13:00,831 - trading - DEBUG - opening socket connection
2022-11-20 19:13:03,175 - trading - DEBUG - opening socket connection
2022-11-20 19:23:53,929 - trading - DEBUG - opening socket connection
2022-11-20 19:23:53,932 - trading - DEBUG - opening socket connection
2022-11-20 19:27:28,549 - trading - DEBUG - close
2022-11-20 19:27:28,580 - trading - DEBUG - close
2022-11-20 19:27:28,583 - trading - DEBUG - close
2022-11-20 19:27:28,764 - trading - DEBUG - opening socket connection
2022-11-20 19:27:32,257 - trading - DEBUG - on message DEBUG " this message is from the Home component "
2022-11-20 19:27:32,259 - trading - INFO - on message INFO " this message is from the Home component "
2022-11-20 19:27:33,221 - trading - DEBUG - on message DEBUG " this message is from the Home component "
2022-11-20 19:27:33,223 - trading - INFO - on message INFO " this message is from the Home component "
2022-11-20 19:27:33,307 - trading - DEBUG - close
2022-11-20 19:27:40,839 - trading - INFO - starting service ... 
2022-11-20 19:27:43,284 - trading - DEBUG - opening socket connection
2022-11-20 19:27:45,089 - trading - DEBUG - on message DEBUG " this message is from the Home component "
2022-11-20 19:27:45,091 - trading - INFO - on message INFO " this message is from the Home component "
2022-11-20 19:27:49,170 - trading - DEBUG - on message DEBUG " this message is from the Home component "
2022-11-20 19:27:49,174 - trading - INFO - on message INFO " this message is from the Home component "
2022-11-20 19:27:49,196 - trading - DEBUG - close
2022-11-21 04:15:39,719 - trading - DEBUG - opening socket connection
2022-11-21 04:15:46,830 - trading - INFO - starting service ... 
2022-11-21 04:16:01,076 - trading - INFO - starting service ... 
2022-11-21 04:16:05,297 - trading - DEBUG - opening socket connection
2022-11-21 04:17:34,696 - trading - DEBUG - on message DEBUG " this message is from the Home component "
2022-11-21 04:17:34,697 - trading - INFO - on message INFO " this message is from the Home component "
2022-11-21 04:26:16,116 - trading - DEBUG - on message DEBUG " this message is from the Home component "
2022-11-21 04:26:16,119 - trading - INFO - on message INFO " this message is from the Home component "
2022-11-21 04:26:16,269 - trading - DEBUG - close
2022-11-21 04:50:05,687 - trading - INFO - starting service ... 
2022-11-21 04:50:14,233 - trading - DEBUG - opening socket connection
2022-11-21 04:50:15,904 - trading - DEBUG - on message DEBUG " this message is from the Home component "
2022-11-21 04:50:15,904 - trading - INFO - on message INFO " this message is from the Home component "
2022-11-21 04:50:19,825 - trading - DEBUG - on message DEBUG " this message is from the Home component "
2022-11-21 04:50:19,828 - trading - INFO - on message INFO " this message is from the Home component "
2022-11-21 04:50:19,870 - trading - DEBUG - close
2022-11-21 04:51:03,807 - trading - INFO - starting service ... 
2022-11-21 04:51:37,815 - trading - INFO - starting service ... 
2022-11-21 04:51:41,413 - trading - DEBUG - opening socket connection
2022-11-21 04:51:50,147 - trading - DEBUG - on message DEBUG " this message is from the Home component "
2022-11-21 04:51:50,152 - trading - INFO - on message INFO " this message is from the Home component "
2022-11-21 04:51:52,658 - trading - DEBUG - on message DEBUG " this message is from the Home component "
2022-11-21 04:51:52,663 - trading - INFO - on message INFO " this message is from the Home component "
2022-11-21 04:51:52,693 - trading - DEBUG - close
2022-11-21 17:41:54,206 - trading - INFO - starting service ... 
2022-11-21 17:45:22,138 - trading - INFO - starting service ... 
2022-11-21 17:46:39,468 - trading - INFO - starting service ... 
2022-11-21 21:08:36,404 - trading - INFO - starting service ... 
2022-11-21 21:08:41,734 - trading - INFO - starting service ... 
2022-11-21 21:08:45,563 - trading - INFO - starting service ... 
2022-11-21 21:49:31,829 - trading - INFO - starting service ... 
2022-11-21 21:49:48,312 - trading - INFO - starting service ... 
2022-11-21 21:49:56,534 - trading - DEBUG - opening socket connection
2022-11-21 21:49:58,715 - trading - DEBUG - on message DEBUG " this message is from the Home component "
2022-11-21 21:49:58,717 - trading - INFO - on message INFO " this message is from the Home component "
2022-11-21 21:50:02,850 - trading - DEBUG - on message DEBUG " this message is from the Home component "
2022-11-21 21:50:02,851 - trading - INFO - on message INFO " this message is from the Home component "
2022-11-21 21:50:02,864 - trading - DEBUG - close
2022-11-21 21:52:15,157 - trading - INFO - starting service ... 
2022-11-21 22:48:51,033 - trading - DEBUG - opening socket connection
2022-11-21 22:48:54,194 - trading - DEBUG - close
2022-11-21 22:48:54,400 - trading - DEBUG - opening socket connection
2022-11-21 22:49:03,488 - trading - DEBUG - close
2022-11-21 22:49:03,622 - trading - DEBUG - opening socket connection
2022-11-21 22:49:51,415 - trading - DEBUG - close
2022-11-21 22:49:51,628 - trading - DEBUG - opening socket connection
2022-11-21 22:49:56,258 - trading - DEBUG - close
2022-11-21 22:49:56,464 - trading - DEBUG - opening socket connection
2022-11-21 22:50:09,925 - trading - DEBUG - on message DEBUG " this message is from the Home component "
2022-11-21 22:50:09,927 - trading - INFO - on message INFO " this message is from the Home component "
2022-11-21 22:51:22,328 - trading - DEBUG - close
2022-11-21 22:51:22,551 - trading - DEBUG - opening socket connection
2022-11-21 22:51:40,927 - trading - DEBUG - close
2022-11-21 22:51:41,126 - trading - DEBUG - opening socket connection
2022-11-22 10:29:42,522 - trading - DEBUG - close
2022-11-22 10:29:42,801 - trading - DEBUG - opening socket connection
2022-11-22 10:29:50,245 - trading - DEBUG - close
2022-11-22 10:29:50,721 - trading - DEBUG - opening socket connection
2022-11-22 10:32:21,495 - trading - DEBUG - close
2022-11-22 10:32:21,805 - trading - DEBUG - opening socket connection
2022-11-22 10:32:42,941 - trading - DEBUG - close
2022-11-22 10:33:22,654 - trading - DEBUG - opening socket connection
2022-11-22 11:20:26,193 - trading - DEBUG - close
2022-11-22 11:20:26,567 - trading - DEBUG - opening socket connection
2022-11-22 11:20:56,478 - trading - DEBUG - close
2022-11-22 11:20:56,754 - trading - DEBUG - opening socket connection
2022-11-22 11:21:32,365 - trading - DEBUG - close
2022-11-22 11:21:32,649 - trading - DEBUG - opening socket connection
2022-11-22 11:22:14,238 - trading - DEBUG - close
2022-11-22 11:22:14,465 - trading - DEBUG - opening socket connection
2022-11-22 11:22:23,181 - trading - DEBUG - close
2022-11-22 11:22:23,385 - trading - DEBUG - opening socket connection
2022-11-22 15:36:43,694 - trading - DEBUG - close
2022-11-22 16:10:06,512 - trading - INFO - starting service ... 
2022-11-22 18:10:20,890 - trading - INFO - starting service ... 
2022-11-24 00:14:16,758 - trading - INFO - starting service ... 
2022-11-24 00:18:23,090 - trading - DEBUG - opening socket connection
2022-11-24 09:25:42,529 - trading - INFO - starting service ... 
2022-11-24 09:25:47,458 - trading - DEBUG - opening socket connection
2022-11-24 09:30:12,575 - trading - INFO - starting service ... 
2022-11-24 09:30:57,511 - trading - INFO - starting service ... 
2022-11-24 09:33:29,120 - trading - INFO - starting service ... 
2022-11-24 09:33:40,075 - trading - INFO - starting service ... 
2022-11-24 09:44:16,346 - trading - INFO - starting service ... 
2022-11-24 09:44:41,739 - trading - DEBUG - opening socket connection
2022-11-24 09:44:44,545 - trading - INFO -  handling message 
2022-11-25 17:35:15,383 - trading - INFO - starting service ... 
2022-11-25 17:35:25,745 - trading - DEBUG - opening socket connection
2022-11-25 17:35:27,848 - trading - INFO -  handling message 
2022-11-25 23:48:33,146 - trading - INFO - starting service ... 
2022-11-25 23:48:36,981 - trading - DEBUG - opening socket connection
2022-11-25 23:49:17,806 - trading - INFO -  handling message 
2022-11-25 23:50:55,628 - trading - INFO - starting service ... 
2022-11-25 23:51:00,735 - trading - DEBUG - opening socket connection
2022-11-25 23:51:02,182 - trading - INFO -  handling message 
2022-11-25 23:51:35,524 - trading - INFO - starting service ... 
2022-11-25 23:51:37,727 - trading - DEBUG - opening socket connection
2022-11-25 23:51:44,348 - trading - INFO - closing socket
2022-11-25 23:51:44,602 - trading - DEBUG - opening socket connection
2022-11-25 23:51:47,582 - trading - INFO -  handling message 
2022-11-25 23:59:09,463 - trading - INFO - closing socket
2022-11-25 23:59:09,703 - trading - DEBUG - opening socket connection
2022-11-25 23:59:11,666 - trading - INFO -  handling message 
2022-11-25 23:59:58,924 - trading - INFO - starting service ... 
2022-11-26 00:00:15,243 - trading - INFO - starting service ... 
2022-11-26 00:01:42,095 - trading - INFO - starting service ... 
2022-11-26 00:01:54,456 - trading - INFO - starting service ... 
2022-11-26 00:04:08,435 - trading - INFO - starting service ... 
2022-11-26 00:04:27,325 - trading - INFO - starting service ... 
2022-11-26 00:04:52,221 - trading - INFO - starting service ... 
2022-11-26 00:06:10,613 - trading - INFO - starting service ... 
2022-11-26 00:06:52,486 - trading - INFO - starting service ... 
2022-11-26 00:07:22,876 - trading - INFO - starting service ... 
2022-11-26 00:10:36,259 - trading - INFO - starting service ... 
2022-11-26 00:10:54,140 - trading - INFO - starting service ... 
2022-11-26 00:11:01,313 - trading - DEBUG - opening socket connection
2022-11-26 00:11:02,671 - trading - INFO -  handling message 
2022-11-26 00:11:02,694 - trading - INFO - closing socket
2022-11-26 00:11:34,575 - trading - INFO - starting service ... 
2022-11-26 00:11:39,288 - trading - DEBUG - opening socket connection
2022-11-26 00:11:41,335 - trading - INFO -  handling message 
2022-11-26 00:11:41,341 - trading - INFO - closing socket
2022-11-26 00:18:09,186 - trading - INFO - starting service ... 
2022-11-26 00:18:18,642 - trading - DEBUG - opening socket connection
2022-11-26 00:18:19,777 - trading - INFO -  handling message 
2022-11-26 00:18:19,808 - trading - INFO - closing socket
2022-11-26 00:19:05,976 - trading - INFO - starting service ... 
2022-11-26 00:19:23,442 - trading - INFO - starting service ... 
2022-11-26 00:19:26,872 - trading - DEBUG - opening socket connection
2022-11-26 00:19:28,608 - trading - INFO -  handling message 
2022-11-26 00:19:28,615 - trading - INFO - closing socket
2022-11-26 00:19:56,775 - trading - INFO - starting service ... 
2022-11-26 00:19:58,145 - trading - INFO - starting service ... 
2022-11-26 00:20:04,040 - trading - DEBUG - opening socket connection
2022-11-26 00:20:06,230 - trading - INFO -  handling message 
2022-11-26 00:20:06,236 - trading - INFO - closing socket
2022-11-26 00:21:44,523 - trading - INFO - starting service ... 
2022-11-26 00:22:18,379 - trading - INFO - starting service ... 
2022-11-26 00:22:23,085 - trading - DEBUG - opening socket connection
2022-11-26 00:22:24,630 - trading - INFO -  handling message 
2022-11-26 00:22:24,637 - trading - INFO - closing socket
2022-11-26 00:22:57,363 - trading - INFO - starting service ... 
2022-11-26 00:23:17,222 - trading - INFO - starting service ... 
2022-11-26 00:23:19,876 - trading - DEBUG - opening socket connection
2022-11-26 00:23:22,050 - trading - INFO -  handling message 
2022-11-26 00:23:22,517 - trading - INFO -  handling message 
2022-11-26 00:24:10,569 - trading - INFO - starting service ... 
2022-11-26 00:24:15,403 - trading - INFO - starting service ... 
2022-11-26 00:24:40,340 - trading - INFO - starting service ... 
2022-11-26 00:24:49,689 - trading - INFO - starting service ... 
2022-11-26 00:24:52,820 - trading - DEBUG - opening socket connection
2022-11-26 00:24:54,257 - trading - INFO -  handling message 
2022-11-26 00:25:43,936 - trading - INFO -  handling message 
2022-11-26 00:55:55,714 - trading - INFO - starting service ... 
2022-11-26 00:56:45,183 - trading - INFO - starting service ... 
2022-11-26 00:57:41,122 - trading - INFO - starting service ... 
2022-11-26 01:04:28,800 - trading - INFO - starting service ... 
2022-11-26 01:04:34,530 - trading - DEBUG - opening socket connection
2022-11-26 01:04:39,252 - trading - INFO -  handling message 
2022-11-26 01:05:02,528 - trading - INFO -  handling message 
2022-11-26 01:05:17,770 - trading - INFO - starting service ... 
2022-11-26 01:05:22,540 - trading - DEBUG - opening socket connection
2022-11-26 01:05:24,436 - trading - INFO -  handling message 
2022-11-26 01:05:27,275 - trading - INFO -  handling message 
2022-11-26 01:06:51,286 - trading - INFO - starting service ... 
2022-11-26 01:06:56,409 - trading - DEBUG - opening socket connection
2022-11-26 01:06:59,803 - trading - INFO -  handling message 
2022-11-26 01:06:59,829 - trading - INFO - closing socket
2022-11-26 01:07:22,749 - trading - INFO - starting service ... 
2022-11-26 01:07:28,718 - trading - DEBUG - opening socket connection
2022-11-26 01:07:31,089 - trading - INFO -  handling message 
2022-11-26 01:07:34,817 - trading - INFO -  handling message 
2022-11-26 01:38:36,319 - trading - INFO - starting service ... 
2022-11-26 01:39:06,335 - trading - INFO - starting service ... 
2022-11-26 01:39:25,693 - trading - INFO - starting service ... 
2022-11-26 01:39:33,070 - trading - INFO - starting service ... 
2022-11-26 01:40:27,847 - trading - DEBUG - opening socket connection
2022-11-26 01:40:29,419 - trading - INFO -  handling message 
2022-11-26 01:48:07,695 - trading - INFO - starting service ... 
2022-11-26 01:48:25,152 - trading - INFO - starting service ... 
2022-11-26 01:48:28,762 - trading - DEBUG - opening socket connection
2022-11-26 01:51:10,369 - trading - INFO -  handling message 
2022-11-26 02:06:21,723 - trading - INFO - starting service ... 
2022-11-26 02:06:26,057 - trading - DEBUG - opening socket connection
2022-11-26 02:06:28,100 - trading - INFO -  handling message 
2022-11-26 02:10:55,175 - trading - INFO - starting service ... 
2022-11-26 02:10:58,542 - trading - DEBUG - opening socket connection
2022-11-26 02:11:00,633 - trading - INFO -  handling message 
2022-11-26 02:11:28,897 - trading - INFO -  handling message 
2022-11-26 10:45:24,191 - trading - INFO -  handling message 
2022-11-26 10:46:45,430 - trading - INFO - starting service ... 
2022-11-26 10:46:49,485 - trading - DEBUG - opening socket connection
2022-11-26 10:46:51,493 - trading - INFO -  handling message 
2022-11-26 10:46:56,613 - trading - INFO -  handling message 
2022-11-26 10:46:59,675 - trading - INFO -  handling message 
2022-11-26 10:47:06,667 - trading - INFO -  handling message 
2022-11-26 10:47:10,385 - trading - INFO -  handling message 
2022-11-26 10:47:21,790 - trading - INFO - closing socket
2022-11-26 10:47:26,492 - trading - DEBUG - opening socket connection
2022-11-26 11:29:21,055 - trading - INFO - starting service ... 
2022-11-26 11:29:32,611 - trading - DEBUG - opening socket connection
2022-11-26 11:30:34,667 - trading - INFO - starting service ... 
2022-11-26 11:30:37,887 - trading - DEBUG - opening socket connection
2022-11-26 11:30:37,896 - trading - INFO -  handling message 
2022-11-26 11:30:51,229 - trading - INFO - closing socket
2022-11-26 11:31:15,119 - trading - DEBUG - opening socket connection
2022-11-26 11:31:15,135 - trading - INFO -  handling message 
2022-11-26 11:35:39,206 - trading - INFO - starting service ... 
2022-11-26 11:35:47,850 - trading - DEBUG - opening socket connection
2022-11-26 11:35:47,861 - trading - INFO -  handling message 
2022-11-26 11:36:58,899 - trading - INFO -  handling message 
2022-11-26 11:37:03,933 - trading - INFO - closing socket
2022-11-26 11:37:11,299 - trading - DEBUG - opening socket connection
2022-11-26 11:37:11,305 - trading - INFO -  handling message 
2022-11-26 11:37:22,425 - trading - INFO -  handling message 
2022-11-26 11:37:24,726 - trading - INFO -  handling message 
2022-11-26 11:37:25,096 - trading - INFO -  handling message 
2022-11-26 11:37:25,544 - trading - INFO -  handling message 
2022-11-26 11:37:25,928 - trading - INFO -  handling message 
2022-11-26 11:37:26,432 - trading - INFO -  handling message 
2022-11-26 11:37:27,400 - trading - INFO -  handling message 
2022-11-26 11:37:27,616 - trading - INFO -  handling message 
2022-11-26 11:37:27,783 - trading - INFO -  handling message 
2022-11-26 11:37:28,088 - trading - INFO -  handling message 
2022-11-26 11:37:28,608 - trading - INFO -  handling message 
2022-11-26 11:40:19,666 - trading - INFO - starting service ... 
2022-11-26 11:40:24,186 - trading - DEBUG - opening socket connection
2022-11-26 11:40:24,193 - trading - INFO -  handling message 
2022-11-26 11:40:30,290 - trading - INFO -  handling message 
2022-11-26 11:40:33,954 - trading - INFO -  handling message 
2022-11-26 11:40:37,702 - trading - INFO -  handling message 
2022-11-26 11:40:45,881 - trading - INFO -  handling message 
2022-11-26 11:40:56,009 - trading - INFO -  handling message 
2022-11-26 11:41:00,754 - trading - INFO -  handling message 
2022-11-26 11:41:05,250 - trading - INFO -  handling message 
2022-11-26 11:41:09,637 - trading - INFO -  handling message 
2022-11-26 11:41:12,305 - trading - INFO -  handling message 
2022-11-26 11:41:18,737 - trading - INFO -  handling message 
2022-11-26 11:41:34,089 - trading - INFO - closing socket
2022-11-26 11:41:34,149 - trading - DEBUG - opening socket connection
2022-11-26 11:41:34,155 - trading - INFO -  handling message 
2022-11-26 11:41:37,370 - trading - INFO -  handling message 
2022-11-26 11:41:52,634 - trading - INFO -  handling message 
2022-11-26 11:41:57,305 - trading - INFO -  handling message 
2022-11-26 11:42:00,561 - trading - INFO -  handling message 
2022-11-26 11:45:02,887 - trading - INFO - starting service ... 
2022-11-26 11:45:06,424 - trading - DEBUG - opening socket connection
2022-11-26 11:45:06,430 - trading - INFO -  handling message 
2022-11-26 11:45:10,171 - trading - INFO -  handling message 
2022-11-26 11:45:12,815 - trading - INFO -  handling message 
2022-11-26 11:45:15,931 - trading - INFO -  handling message 
2022-11-26 11:45:18,490 - trading - INFO -  handling message 
2022-11-26 11:45:22,844 - trading - INFO -  handling message 
2022-11-26 11:45:28,971 - trading - INFO -  handling message 
2022-11-26 11:45:35,655 - trading - INFO - closing socket
2022-11-26 11:45:38,426 - trading - DEBUG - opening socket connection
2022-11-26 11:45:38,434 - trading - INFO -  handling message 
2022-11-26 11:45:41,924 - trading - INFO -  handling message 
2022-11-26 11:45:46,635 - trading - INFO -  handling message 
2022-11-26 11:45:48,963 - trading - INFO -  handling message 
2022-11-26 11:47:36,306 - trading - INFO - starting service ... 
2022-11-26 11:47:39,762 - trading - DEBUG - opening socket connection
2022-11-26 11:47:39,763 - trading - DEBUG - message handler bject will be initialized
2022-11-26 11:47:39,769 - trading - INFO -  handling message 
2022-11-26 11:47:58,795 - trading - INFO - closing socket
2022-11-26 11:47:58,863 - trading - DEBUG - opening socket connection
2022-11-26 11:47:58,865 - trading - DEBUG - message handler bject will be initialized
2022-11-26 11:47:58,871 - trading - INFO -  handling message 
2022-11-26 11:48:33,458 - trading - INFO - starting service ... 
2022-11-26 11:48:37,308 - trading - DEBUG - opening socket connection
2022-11-26 11:48:37,310 - trading - DEBUG -  XXX 1 message handler object will be initialized
2022-11-26 11:48:37,319 - trading - INFO -  handling message 
2022-11-26 11:48:47,137 - trading - INFO - closing socket
2022-11-26 11:48:47,201 - trading - DEBUG - opening socket connection
2022-11-26 11:48:47,203 - trading - DEBUG -  XXX 1 message handler object will be initialized
2022-11-26 11:48:47,210 - trading - INFO -  handling message 
2022-11-26 11:48:57,773 - trading - INFO - closing socket
2022-11-26 11:48:57,834 - trading - DEBUG - opening socket connection
2022-11-26 11:48:57,836 - trading - DEBUG -  XXX 1 message handler object will be initialized
2022-11-26 11:48:57,843 - trading - INFO -  handling message 
2022-11-26 11:50:48,690 - trading - INFO - starting service ... 
2022-11-26 11:50:52,257 - trading - DEBUG - opening socket connection
2022-11-26 11:50:52,259 - trading - DEBUG -  XXX 1 message handler object will be initialized
2022-11-26 11:50:52,266 - trading - INFO -  handling message 
2022-11-26 11:50:59,324 - trading - INFO - closing socket
2022-11-26 11:50:59,504 - trading - DEBUG - opening socket connection
2022-11-26 11:50:59,505 - trading - DEBUG -  XXX 2 message handler object has already been initialized
2022-11-26 11:50:59,509 - trading - INFO -  handling message 
2022-11-26 11:51:10,821 - trading - INFO -  handling message 
2022-11-26 11:51:12,725 - trading - INFO -  handling message 
2022-11-26 11:51:26,023 - trading - INFO -  handling message 
2022-11-26 11:51:31,386 - trading - INFO - closing socket
2022-11-26 11:51:35,148 - trading - DEBUG - opening socket connection
2022-11-26 11:51:35,149 - trading - DEBUG -  XXX 2 message handler object has already been initialized
2022-11-26 11:51:35,156 - trading - INFO -  handling message 
2022-11-26 11:51:42,559 - trading - INFO -  handling message 
2022-11-26 11:51:58,894 - trading - INFO -  handling message 
2022-11-26 11:52:02,786 - trading - INFO -  handling message 
2022-11-26 11:53:35,392 - trading - INFO - starting service ... 
2022-11-26 11:53:39,016 - trading - DEBUG - opening socket connection
2022-11-26 11:53:39,017 - trading - DEBUG -  XXX 1 message handler object will be initialized
2022-11-26 11:53:39,027 - trading - INFO -  handling message 
2022-11-26 11:53:41,984 - trading - INFO -  handling message 
2022-11-26 11:54:08,615 - trading - INFO - closing socket
2022-11-26 11:54:08,682 - trading - DEBUG - opening socket connection
2022-11-26 11:54:08,683 - trading - DEBUG -  XXX 2 message handler object has already been initialized
2022-11-26 11:54:08,685 - trading - INFO -  handling message 
2022-11-26 12:02:50,731 - trading - INFO - starting service ... 
2022-11-26 12:02:54,541 - trading - DEBUG - opening socket connection
2022-11-26 12:02:54,543 - trading - DEBUG -  XXX 1 message handler object will be initialized
2022-11-26 12:02:54,550 - trading - INFO -  handling message 
2022-11-26 12:02:58,154 - trading - INFO -  handling message 
2022-11-26 12:03:12,410 - trading - INFO - closing socket
2022-11-26 12:03:14,850 - trading - DEBUG - opening socket connection
2022-11-26 12:03:14,851 - trading - DEBUG -  XXX 2 message handler object has already been initialized
2022-11-26 12:03:14,858 - trading - INFO -  handling message 
2022-11-26 12:03:19,827 - trading - INFO -  handling message 
2022-11-26 12:03:46,287 - trading - DEBUG - opening socket connection
2022-11-26 12:03:46,288 - trading - DEBUG -  XXX 2 message handler object has already been initialized
2022-11-26 12:03:46,300 - trading - INFO -  handling message 
2022-11-26 12:04:18,631 - trading - INFO - closing socket
2022-11-26 12:05:34,139 - trading - INFO -  handling message 
